-------------------------------------------------------------------------------
Test set: com.automation.tests.seleniumTests.CarLoanTest
-------------------------------------------------------------------------------
Tests run: 1, Failures: 1, Errors: 0, Skipped: 0, Time elapsed: 49.486 s <<< FAILURE! - in com.automation.tests.seleniumTests.CarLoanTest
Test_CarLoan(com.automation.tests.seleniumTests.CarLoanTest)  Time elapsed: 45.08 s  <<< FAILURE!
org.openqa.selenium.json.JsonException: 
java.lang.reflect.InvocationTargetException
Build info: version: '4.1.4', revision: '535d840ee2'
System info: host: 'INBENKARSELVAN1', ip: '192.168.0.104', os.name: 'Windows 10', os.arch: 'amd64', os.version: '10.0', java.version: '17.0.2'
Driver info: org.openqa.selenium.chrome.ChromeDriver
Command: [895399a71cfc234ea49660880db255b4, actions {actions=[org.openqa.selenium.interactions.Sequence@20e3c449]}]
Capabilities {acceptInsecureCerts: false, browserName: chrome, browserVersion: 101.0.4951.67, chrome: {chromedriverVersion: 101.0.4951.41 (93c720db8323..., userDataDir: C:\Users\KARSEL~1\AppData\L...}, goog:chromeOptions: {debuggerAddress: localhost:58632}, javascriptEnabled: true, networkConnectionEnabled: false, pageLoadStrategy: normal, platform: WINDOWS, platformName: WINDOWS, proxy: Proxy(), se:cdp: ws://localhost:58632/devtoo..., se:cdpVersion: 101.0.4951.67, setWindowRect: true, strictFileInteractability: false, timeouts: {implicit: 0, pageLoad: 300000, script: 30000}, unhandledPromptBehavior: dismiss and notify, webauthn:extension:credBlob: true, webauthn:extension:largeBlob: true, webauthn:virtualAuthenticators: true}
Session ID: 895399a71cfc234ea49660880db255b4
	at com.automation.tests.seleniumTests.CarLoanTest.Test_CarLoan(CarLoanTest.java:47)
Caused by: java.lang.reflect.InvocationTargetException
	at com.automation.tests.seleniumTests.CarLoanTest.Test_CarLoan(CarLoanTest.java:47)
Caused by: org.openqa.selenium.NoSuchElementException: 
no such element: Unable to locate element: {"method":"xpath","selector":"//*[@id="mc_mainWrapper"]/header/div[1]/div[3]/nav/div/ul/li[9]/a"}
  (Session info: chrome=101.0.4951.67)
For documentation on this error, please visit: https://selenium.dev/exceptions/#no_such_element
Build info: version: '4.1.4', revision: '535d840ee2'
System info: host: 'INBENKARSELVAN1', ip: '192.168.0.104', os.name: 'Windows 10', os.arch: 'amd64', os.version: '10.0', java.version: '17.0.2'
Driver info: org.openqa.selenium.chrome.ChromeDriver
Command: [895399a71cfc234ea49660880db255b4, findElement {using=xpath, value=//*[@id="mc_mainWrapper"]/header/div[1]/div[3]/nav/div/ul/li[9]/a}]
Capabilities {acceptInsecureCerts: false, browserName: chrome, browserVersion: 101.0.4951.67, chrome: {chromedriverVersion: 101.0.4951.41 (93c720db8323..., userDataDir: C:\Users\KARSEL~1\AppData\L...}, goog:chromeOptions: {debuggerAddress: localhost:58632}, javascriptEnabled: true, networkConnectionEnabled: false, pageLoadStrategy: normal, platform: WINDOWS, platformName: WINDOWS, proxy: Proxy(), se:cdp: ws://localhost:58632/devtoo..., se:cdpVersion: 101.0.4951.67, setWindowRect: true, strictFileInteractability: false, timeouts: {implicit: 0, pageLoad: 300000, script: 30000}, unhandledPromptBehavior: dismiss and notify, webauthn:extension:credBlob: true, webauthn:extension:largeBlob: true, webauthn:virtualAuthenticators: true}
Session ID: 895399a71cfc234ea49660880db255b4
	at com.automation.tests.seleniumTests.CarLoanTest.Test_CarLoan(CarLoanTest.java:47)

